#
# There is insufficient memory for the Java Runtime Environment to continue.
# Native memory allocation (malloc) failed to allocate 1752016 bytes. Error detail: Chunk::new
# Possible reasons:
#   The system is out of physical RAM or swap space
#   This process is running with CompressedOops enabled, and the Java Heap may be blocking the growth of the native heap
# Possible solutions:
#   Reduce memory load on the system
#   Increase physical memory or swap space
#   Check if swap backing store is full
#   Decrease Java heap size (-Xmx/-Xms)
#   Decrease number of Java threads
#   Decrease Java thread stack sizes (-Xss)
#   Set larger code cache with -XX:ReservedCodeCacheSize=
#   JVM is running with Unscaled Compressed Oops mode in which the Java heap is
#     placed in the first 4GB address space. The Java Heap base address is the
#     maximum limit for the native heap growth. Please use -XX:HeapBaseMinAddress
#     to set the Java Heap base and to place the Java Heap above 4GB virtual address.
# This output file may be truncated or incomplete.
#
#  Out of Memory Error (arena.cpp:168), pid=33032, tid=20136
#
# JRE version: OpenJDK Runtime Environment Temurin-21.0.6+7 (21.0.6+7) (build 21.0.6+7-LTS)
# Java VM: OpenJDK 64-Bit Server VM Temurin-21.0.6+7 (21.0.6+7-LTS, mixed mode, sharing, tiered, compressed oops, compressed class ptrs, parallel gc, windows-amd64)
# No core dump will be written. Minidumps are not enabled by default on client versions of Windows
#

---------------  S U M M A R Y ------------

Command Line: --add-modules=ALL-SYSTEM --add-opens=java.base/java.util=ALL-UNNAMED --add-opens=java.base/java.lang=ALL-UNNAMED --add-opens=java.base/sun.nio.fs=ALL-UNNAMED -Declipse.application=org.eclipse.jdt.ls.core.id1 -Dosgi.bundles.defaultStartLevel=4 -Declipse.product=org.eclipse.jdt.ls.core.product -Djava.import.generatesMetadataFilesAtProjectRoot=false -DDetectVMInstallationsJob.disabled=true -Dfile.encoding=utf8 -XX:+UseParallelGC -XX:GCTimeRatio=4 -XX:AdaptiveSizePolicyWeight=90 -Dsun.zip.disableMemoryMapping=true -Xmx1G -Xms100m -Xlog:disable -javaagent:c:\Users\domin\.vscode\extensions\redhat.java-1.41.1-win32-x64\lombok\lombok-1.18.36.jar -XX:+HeapDumpOnOutOfMemoryError -XX:HeapDumpPath=c:\Users\domin\AppData\Roaming\Code\User\workspaceStorage\94df95c6eb31e64074b59e1dec81b1ed\redhat.java -Daether.dependencyCollector.impl=bf c:\Users\domin\.vscode\extensions\redhat.java-1.41.1-win32-x64\server\plugins\org.eclipse.equinox.launcher_1.7.0.v20250331-1702.jar -configuration c:\Users\domin\AppData\Roaming\Code\User\globalStorage\redhat.java\1.41.1\config_win -data c:\Users\domin\AppData\Roaming\Code\User\workspaceStorage\94df95c6eb31e64074b59e1dec81b1ed\redhat.java\jdt_ws --pipe=\\.\pipe\lsp-03404679be290e7bb90e62e1f7f686fc-sock

Host: 13th Gen Intel(R) Core(TM) i7-13650HX, 20 cores, 15G,  Windows 11 , 64 bit Build 26100 (10.0.26100.3775)
Time: Thu May  1 11:35:52 2025 Central Daylight Time elapsed time: 9.776685 seconds (0d 0h 0m 9s)

---------------  T H R E A D  ---------------

Current thread (0x000002c075bfc570):  JavaThread "C2 CompilerThread7" daemon [_thread_in_native, id=20136, stack(0x000000df08a00000,0x000000df08b00000) (1024K)]


Current CompileTask:
C2:9777 6994   !   4       org.eclipse.osgi.internal.weaving.WovenClassImpl::callHooks (410 bytes)

Stack: [0x000000df08a00000,0x000000df08b00000]
Native frames: (J=compiled Java code, j=interpreted, Vv=VM code, C=native code)
V  [jvm.dll+0x6cdee9]
V  [jvm.dll+0x8a83d1]
V  [jvm.dll+0x8aa8fe]
V  [jvm.dll+0x8aafe3]
V  [jvm.dll+0x27f706]
V  [jvm.dll+0xc500d]
V  [jvm.dll+0xc5543]
V  [jvm.dll+0x3b6752]
V  [jvm.dll+0x382935]
V  [jvm.dll+0x381d9a]
V  [jvm.dll+0x2479f0]
V  [jvm.dll+0x246fcf]
V  [jvm.dll+0x1c75ee]
V  [jvm.dll+0x25685a]
V  [jvm.dll+0x254dfa]
V  [jvm.dll+0x3f0256]
V  [jvm.dll+0x851f8b]
V  [jvm.dll+0x6cc5ed]
C  [ucrtbase.dll+0x37b0]
C  [KERNEL32.DLL+0x2e8d7]
C  [ntdll.dll+0xb14fc]


---------------  P R O C E S S  ---------------

Threads class SMR info:
_java_thread_list=0x000002c07ab9be80, length=99, elements={
0x000002c058d63ea0, 0x000002c06d14dd40, 0x000002c058e00f70, 0x000002c058e10310,
0x000002c058e12980, 0x000002c058e138c0, 0x000002c058e147f0, 0x000002c06e659fd0,
0x000002c06e682e10, 0x000002c06e72b490, 0x000002c06e8041d0, 0x000002c06e811320,
0x000002c06e814c00, 0x000002c06e9461f0, 0x000002c07068a710, 0x000002c07075de90,
0x000002c07533f030, 0x000002c070c13140, 0x000002c0753da6f0, 0x000002c0753db030,
0x000002c075875980, 0x000002c0755c5b20, 0x000002c07591a400, 0x000002c07591aa90,
0x000002c075919d70, 0x000002c07591b120, 0x000002c075918330, 0x000002c07591b7b0,
0x000002c07680f120, 0x000002c075b4a700, 0x000002c075b4ada0, 0x000002c075bfbed0,
0x000002c075bfc570, 0x000002c0759189c0, 0x000002c075919050, 0x000002c0759196e0,
0x000002c078ab26e0, 0x000002c078ab2d70, 0x000002c078ab4120, 0x000002c078ab54d0,
0x000002c078ab2050, 0x000002c078ab6880, 0x000002c078ab3a90, 0x000002c078ab4e40,
0x000002c078ab5b60, 0x000002c078ab61f0, 0x000002c078ab47b0, 0x000002c078ab82c0,
0x000002c078ab3400, 0x000002c078ab8950, 0x000002c078ab9670, 0x000002c078ab75a0,
0x000002c078ab6f10, 0x000002c078ab7c30, 0x000002c078ab8fe0, 0x000002c07910d530,
0x000002c07910c180, 0x000002c07910c810, 0x000002c07910baf0, 0x000002c07910dbc0,
0x000002c07910e250, 0x000002c07910add0, 0x000002c07910e8e0, 0x000002c07910cea0,
0x000002c07910b460, 0x000002c07910fc90, 0x000002c0791123f0, 0x000002c079111d60,
0x000002c079110320, 0x000002c0791116d0, 0x000002c07910ef70, 0x000002c0791109b0,
0x000002c07910f600, 0x000002c079111040, 0x000002c07828c960, 0x000002c07828dd10,
0x000002c07828c2d0, 0x000002c07828e3a0, 0x000002c07828ea30, 0x000002c07828bc40,
0x000002c07828cff0, 0x000002c07828d680, 0x000002c07828b5b0, 0x000002c07828f750,
0x000002c078290b00, 0x000002c078292540, 0x000002c07828f0c0, 0x000002c078291190,
0x000002c078291820, 0x000002c07828fde0, 0x000002c078290470, 0x000002c078292bd0,
0x000002c07c46ab70, 0x000002c07c46b200, 0x000002c07c468410, 0x000002c07c469e50,
0x000002c07c468aa0, 0x000002c07c469130, 0x000002c07c46a4e0
}

Java Threads: ( => current thread )
  0x000002c058d63ea0 JavaThread "main"                              [_thread_blocked, id=37288, stack(0x000000df05600000,0x000000df05700000) (1024K)]
  0x000002c06d14dd40 JavaThread "Reference Handler"          daemon [_thread_blocked, id=32832, stack(0x000000df05a00000,0x000000df05b00000) (1024K)]
  0x000002c058e00f70 JavaThread "Finalizer"                  daemon [_thread_blocked, id=38424, stack(0x000000df05b00000,0x000000df05c00000) (1024K)]
  0x000002c058e10310 JavaThread "Signal Dispatcher"          daemon [_thread_blocked, id=32572, stack(0x000000df05c00000,0x000000df05d00000) (1024K)]
  0x000002c058e12980 JavaThread "Attach Listener"            daemon [_thread_blocked, id=37376, stack(0x000000df05d00000,0x000000df05e00000) (1024K)]
  0x000002c058e138c0 JavaThread "Service Thread"             daemon [_thread_blocked, id=32844, stack(0x000000df05e00000,0x000000df05f00000) (1024K)]
  0x000002c058e147f0 JavaThread "Monitor Deflation Thread"   daemon [_thread_blocked, id=34256, stack(0x000000df05f00000,0x000000df06000000) (1024K)]
  0x000002c06e659fd0 JavaThread "C2 CompilerThread0"         daemon [_thread_in_native, id=37524, stack(0x000000df06000000,0x000000df06100000) (1024K)]
  0x000002c06e682e10 JavaThread "C1 CompilerThread0"         daemon [_thread_in_native, id=35300, stack(0x000000df06100000,0x000000df06200000) (1024K)]
  0x000002c06e72b490 JavaThread "C1 CompilerThread1"         daemon [_thread_in_native, id=36396, stack(0x000000df06200000,0x000000df06300000) (1024K)]
  0x000002c06e8041d0 JavaThread "Common-Cleaner"             daemon [_thread_blocked, id=30024, stack(0x000000df06300000,0x000000df06400000) (1024K)]
  0x000002c06e811320 JavaThread "C1 CompilerThread2"         daemon [_thread_in_vm, id=36740, stack(0x000000df06400000,0x000000df06500000) (1024K)]
  0x000002c06e814c00 JavaThread "C2 CompilerThread1"         daemon [_thread_in_native, id=38784, stack(0x000000df06500000,0x000000df06600000) (1024K)]
  0x000002c06e9461f0 JavaThread "C1 CompilerThread3"         daemon [_thread_in_native, id=36932, stack(0x000000df06600000,0x000000df06700000) (1024K)]
  0x000002c07068a710 JavaThread "Notification Thread"        daemon [_thread_blocked, id=37244, stack(0x000000df06700000,0x000000df06800000) (1024K)]
  0x000002c07075de90 JavaThread "C2 CompilerThread2"         daemon [_thread_in_native, id=32720, stack(0x000000df06800000,0x000000df06900000) (1024K)]
  0x000002c07533f030 JavaThread "Active Thread: Equinox Container: 7cebe827-8b5c-4ecf-8ac2-2536df106dc2"        [_thread_blocked, id=3000, stack(0x000000df07100000,0x000000df07200000) (1024K)]
  0x000002c070c13140 JavaThread "Refresh Thread: Equinox Container: 7cebe827-8b5c-4ecf-8ac2-2536df106dc2" daemon [_thread_blocked, id=35040, stack(0x000000df07300000,0x000000df07400000) (1024K)]
  0x000002c0753da6f0 JavaThread "Framework Event Dispatcher: Equinox Container: 7cebe827-8b5c-4ecf-8ac2-2536df106dc2" daemon [_thread_blocked, id=7936, stack(0x000000df07400000,0x000000df07500000) (1024K)]
  0x000002c0753db030 JavaThread "Start Level: Equinox Container: 7cebe827-8b5c-4ecf-8ac2-2536df106dc2" daemon [_thread_blocked, id=13744, stack(0x000000df07500000,0x000000df07600000) (1024K)]
  0x000002c075875980 JavaThread "Bundle File Closer"         daemon [_thread_blocked, id=30084, stack(0x000000df07600000,0x000000df07700000) (1024K)]
  0x000002c0755c5b20 JavaThread "SCR Component Actor"        daemon [_thread_blocked, id=37664, stack(0x000000df07a00000,0x000000df07b00000) (1024K)]
  0x000002c07591a400 JavaThread "Worker-JM"                         [_thread_blocked, id=37896, stack(0x000000df07d00000,0x000000df07e00000) (1024K)]
  0x000002c07591aa90 JavaThread "JNA Cleaner"                daemon [_thread_blocked, id=38596, stack(0x000000df08000000,0x000000df08100000) (1024K)]
  0x000002c075919d70 JavaThread "Worker-0: Updating workspace"        [_thread_in_Java, id=33268, stack(0x000000df08100000,0x000000df08200000) (1024K)]
  0x000002c07591b120 JavaThread "Worker-1: Java indexing... "        [_thread_blocked, id=8864, stack(0x000000df08200000,0x000000df08300000) (1024K)]
  0x000002c075918330 JavaThread "Java indexing"              daemon [_thread_blocked, id=38264, stack(0x000000df06f00000,0x000000df07000000) (1024K)]
  0x000002c07591b7b0 JavaThread "Worker-2: Synchronize Gradle projects with workspace"        [_thread_blocked, id=31776, stack(0x000000df08500000,0x000000df08600000) (1024K)]
  0x000002c07680f120 JavaThread "C2 CompilerThread3"         daemon [_thread_in_native, id=8288, stack(0x000000df08600000,0x000000df08700000) (1024K)]
  0x000002c075b4a700 JavaThread "C2 CompilerThread4"         daemon [_thread_in_native, id=3752, stack(0x000000df08700000,0x000000df08800000) (1024K)]
  0x000002c075b4ada0 JavaThread "C2 CompilerThread5"         daemon [_thread_in_native, id=36276, stack(0x000000df08800000,0x000000df08900000) (1024K)]
  0x000002c075bfbed0 JavaThread "C2 CompilerThread6"         daemon [_thread_in_native, id=38216, stack(0x000000df08900000,0x000000df08a00000) (1024K)]
=>0x000002c075bfc570 JavaThread "C2 CompilerThread7"         daemon [_thread_in_native, id=20136, stack(0x000000df08a00000,0x000000df08b00000) (1024K)]
  0x000002c0759189c0 JavaThread "Worker-3: Initialize Workspace"        [_thread_in_native, id=36140, stack(0x000000df08b00000,0x000000df08c00000) (1024K)]
  0x000002c075919050 JavaThread "Thread-2"                   daemon [_thread_in_native, id=35724, stack(0x000000df08c00000,0x000000df08d00000) (1024K)]
  0x000002c0759196e0 JavaThread "Thread-3"                   daemon [_thread_in_native, id=36212, stack(0x000000df08d00000,0x000000df08e00000) (1024K)]
  0x000002c078ab26e0 JavaThread "Thread-4"                   daemon [_thread_in_native, id=37940, stack(0x000000df08e00000,0x000000df08f00000) (1024K)]
  0x000002c078ab2d70 JavaThread "Thread-5"                   daemon [_thread_in_native, id=2544, stack(0x000000df08f00000,0x000000df09000000) (1024K)]
  0x000002c078ab4120 JavaThread "Thread-6"                   daemon [_thread_in_native, id=21992, stack(0x000000df09000000,0x000000df09100000) (1024K)]
  0x000002c078ab54d0 JavaThread "Thread-7"                   daemon [_thread_in_native, id=23292, stack(0x000000df09100000,0x000000df09200000) (1024K)]
  0x000002c078ab2050 JavaThread "Thread-8"                   daemon [_thread_in_native, id=25376, stack(0x000000df09200000,0x000000df09300000) (1024K)]
  0x000002c078ab6880 JavaThread "Thread-9"                   daemon [_thread_in_native, id=7068, stack(0x000000df09300000,0x000000df09400000) (1024K)]
  0x000002c078ab3a90 JavaThread "Thread-10"                  daemon [_thread_in_native, id=37464, stack(0x000000df09400000,0x000000df09500000) (1024K)]
  0x000002c078ab4e40 JavaThread "Thread-11"                  daemon [_thread_in_native, id=35792, stack(0x000000df09500000,0x000000df09600000) (1024K)]
  0x000002c078ab5b60 JavaThread "Thread-12"                  daemon [_thread_in_native, id=33676, stack(0x000000df09600000,0x000000df09700000) (1024K)]
  0x000002c078ab61f0 JavaThread "Thread-13"                  daemon [_thread_in_native, id=34224, stack(0x000000df09700000,0x000000df09800000) (1024K)]
  0x000002c078ab47b0 JavaThread "Thread-14"                  daemon [_thread_in_native, id=37192, stack(0x000000df09800000,0x000000df09900000) (1024K)]
  0x000002c078ab82c0 JavaThread "Thread-15"                  daemon [_thread_in_native, id=35688, stack(0x000000df09900000,0x000000df09a00000) (1024K)]
  0x000002c078ab3400 JavaThread "Thread-16"                  daemon [_thread_in_native, id=36260, stack(0x000000df09a00000,0x000000df09b00000) (1024K)]
  0x000002c078ab8950 JavaThread "Thread-17"                  daemon [_thread_in_native, id=36168, stack(0x000000df09b00000,0x000000df09c00000) (1024K)]
  0x000002c078ab9670 JavaThread "Thread-18"                  daemon [_thread_in_native, id=23524, stack(0x000000df09c00000,0x000000df09d00000) (1024K)]
  0x000002c078ab75a0 JavaThread "Thread-19"                  daemon [_thread_in_native, id=32036, stack(0x000000df09d00000,0x000000df09e00000) (1024K)]
  0x000002c078ab6f10 JavaThread "Thread-20"                  daemon [_thread_in_native, id=35160, stack(0x000000df09e00000,0x000000df09f00000) (1024K)]
  0x000002c078ab7c30 JavaThread "Thread-21"                  daemon [_thread_in_native, id=36272, stack(0x000000df09f00000,0x000000df0a000000) (1024K)]
  0x000002c078ab8fe0 JavaThread "Thread-22"                  daemon [_thread_in_native, id=2280, stack(0x000000df0a000000,0x000000df0a100000) (1024K)]
  0x000002c07910d530 JavaThread "pool-2-thread-1"                   [_thread_blocked, id=34304, stack(0x000000df0a100000,0x000000df0a200000) (1024K)]
  0x000002c07910c180 JavaThread "Worker-4: Synchronize Gradle projects with workspace"        [_thread_blocked, id=29768, stack(0x000000df0a200000,0x000000df0a300000) (1024K)]
  0x000002c07910c810 JavaThread "Timer-0"                           [_thread_blocked, id=23916, stack(0x000000df0a300000,0x000000df0a400000) (1024K)]
  0x000002c07910baf0 JavaThread "Worker-5: Synchronize Gradle projects with workspace"        [_thread_blocked, id=36468, stack(0x000000df0a400000,0x000000df0a500000) (1024K)]
  0x000002c07910dbc0 JavaThread "Timer-1"                           [_thread_blocked, id=21812, stack(0x000000df0a500000,0x000000df0a600000) (1024K)]
  0x000002c07910e250 JavaThread "Worker-6: Synchronize Gradle projects with workspace"        [_thread_blocked, id=25436, stack(0x000000df0a600000,0x000000df0a700000) (1024K)]
  0x000002c07910add0 JavaThread "Timer-2"                           [_thread_blocked, id=23888, stack(0x000000df0a700000,0x000000df0a800000) (1024K)]
  0x000002c07910e8e0 JavaThread "Worker-7: Synchronize Gradle projects with workspace"        [_thread_blocked, id=38288, stack(0x000000df0a800000,0x000000df0a900000) (1024K)]
  0x000002c07910cea0 JavaThread "Timer-3"                           [_thread_blocked, id=2484, stack(0x000000df0a900000,0x000000df0aa00000) (1024K)]
  0x000002c07910b460 JavaThread "Worker-8: Synchronize Gradle projects with workspace"        [_thread_blocked, id=35760, stack(0x000000df0aa00000,0x000000df0ab00000) (1024K)]
  0x000002c07910fc90 JavaThread "Timer-4"                           [_thread_blocked, id=31824, stack(0x000000df0ab00000,0x000000df0ac00000) (1024K)]
  0x000002c0791123f0 JavaThread "Worker-9: Synchronize Gradle projects with workspace"        [_thread_blocked, id=4804, stack(0x000000df0ac00000,0x000000df0ad00000) (1024K)]
  0x000002c079111d60 JavaThread "Timer-5"                           [_thread_blocked, id=37460, stack(0x000000df0ad00000,0x000000df0ae00000) (1024K)]
  0x000002c079110320 JavaThread "Worker-10: Synchronize Gradle projects with workspace"        [_thread_blocked, id=23532, stack(0x000000df0ae00000,0x000000df0af00000) (1024K)]
  0x000002c0791116d0 JavaThread "Timer-6"                           [_thread_blocked, id=36420, stack(0x000000df0af00000,0x000000df0b000000) (1024K)]
  0x000002c07910ef70 JavaThread "Worker-11: Synchronize Gradle projects with workspace"        [_thread_blocked, id=36436, stack(0x000000df0b000000,0x000000df0b100000) (1024K)]
  0x000002c0791109b0 JavaThread "Timer-7"                           [_thread_blocked, id=8272, stack(0x000000df0b100000,0x000000df0b200000) (1024K)]
  0x000002c07910f600 JavaThread "Worker-12: Synchronize Gradle projects with workspace"        [_thread_blocked, id=20040, stack(0x000000df0b200000,0x000000df0b300000) (1024K)]
  0x000002c079111040 JavaThread "Timer-8"                           [_thread_blocked, id=36840, stack(0x000000df0b300000,0x000000df0b400000) (1024K)]
  0x000002c07828c960 JavaThread "Worker-13"                         [_thread_blocked, id=23220, stack(0x000000df0b400000,0x000000df0b500000) (1024K)]
  0x000002c07828dd10 JavaThread "Timer-9"                           [_thread_blocked, id=25344, stack(0x000000df0b500000,0x000000df0b600000) (1024K)]
  0x000002c07828c2d0 JavaThread "Timer-13"                          [_thread_blocked, id=26540, stack(0x000000df0b600000,0x000000df0b700000) (1024K)]
  0x000002c07828e3a0 JavaThread "Timer-12"                          [_thread_blocked, id=22788, stack(0x000000df0b700000,0x000000df0b800000) (1024K)]
  0x000002c07828ea30 JavaThread "Timer-11"                          [_thread_blocked, id=8396, stack(0x000000df0b800000,0x000000df0b900000) (1024K)]
  0x000002c07828bc40 JavaThread "Timer-10"                          [_thread_blocked, id=38112, stack(0x000000df0b900000,0x000000df0ba00000) (1024K)]
  0x000002c07828cff0 JavaThread "Timer-15"                          [_thread_blocked, id=22476, stack(0x000000df0ba00000,0x000000df0bb00000) (1024K)]
  0x000002c07828d680 JavaThread "Timer-14"                          [_thread_blocked, id=35728, stack(0x000000df0bb00000,0x000000df0bc00000) (1024K)]
  0x000002c07828b5b0 JavaThread "Timer-16"                          [_thread_blocked, id=21488, stack(0x000000df0bc00000,0x000000df0bd00000) (1024K)]
  0x000002c07828f750 JavaThread "Timer-17"                          [_thread_blocked, id=22480, stack(0x000000df0bd00000,0x000000df0be00000) (1024K)]
  0x000002c078290b00 JavaThread "Timer-18"                          [_thread_blocked, id=36320, stack(0x000000df0be00000,0x000000df0bf00000) (1024K)]
  0x000002c078292540 JavaThread "Timer-19"                          [_thread_blocked, id=31892, stack(0x000000df0bf00000,0x000000df0c000000) (1024K)]
  0x000002c07828f0c0 JavaThread "Worker-14"                         [_thread_blocked, id=38048, stack(0x000000df0c000000,0x000000df0c100000) (1024K)]
  0x000002c078291190 JavaThread "WorkspaceEventsHandler"            [_thread_blocked, id=29752, stack(0x000000df0c100000,0x000000df0c200000) (1024K)]
  0x000002c078291820 JavaThread "pool-1-thread-1"                   [_thread_blocked, id=32596, stack(0x000000df0c200000,0x000000df0c300000) (1024K)]
  0x000002c07828fde0 JavaThread "Connection worker"                 [_thread_blocked, id=33468, stack(0x000000df0c300000,0x000000df0c400000) (1024K)]
  0x000002c078290470 JavaThread "Connection worker"                 [_thread_blocked, id=36296, stack(0x000000df0c400000,0x000000df0c500000) (1024K)]
  0x000002c078292bd0 JavaThread "Connection worker"                 [_thread_blocked, id=22460, stack(0x000000df0c500000,0x000000df0c600000) (1024K)]
  0x000002c07c46ab70 JavaThread "Connection worker"                 [_thread_blocked, id=17084, stack(0x000000df0c600000,0x000000df0c700000) (1024K)]
  0x000002c07c46b200 JavaThread "Connection worker"                 [_thread_blocked, id=32048, stack(0x000000df0c700000,0x000000df0c800000) (1024K)]
  0x000002c07c468410 JavaThread "Connection worker"                 [_thread_in_vm, id=35512, stack(0x000000df0c800000,0x000000df0c900000) (1024K)]
  0x000002c07c469e50 JavaThread "Connection worker"                 [_thread_blocked, id=36244, stack(0x000000df0c900000,0x000000df0ca00000) (1024K)]
  0x000002c07c468aa0 JavaThread "Connection worker"                 [_thread_blocked, id=20892, stack(0x000000df0ca00000,0x000000df0cb00000) (1024K)]
  0x000002c07c469130 JavaThread "Connection worker"                 [_thread_blocked, id=29704, stack(0x000000df0cb00000,0x000000df0cc00000) (1024K)]
  0x000002c07c46a4e0 JavaThread "Connection worker"                 [_thread_blocked, id=34872, stack(0x000000df0cc00000,0x000000df0cd00000) (1024K)]
Total: 99

Other Threads:
  0x000002c058e00a30 VMThread "VM Thread"                           [id=37564, stack(0x000000df05900000,0x000000df05a00000) (1024K)] _threads_hazard_ptr=0x000002c07ab9be80
  0x000002c06d02ca00 WatcherThread "VM Periodic Task Thread"        [id=37752, stack(0x000000df05800000,0x000000df05900000) (1024K)]
  0x000002c058d82370 WorkerThread "GC Thread#0"                     [id=34648, stack(0x000000df05700000,0x000000df05800000) (1024K)]
  0x000002c070c68080 WorkerThread "GC Thread#1"                     [id=37608, stack(0x000000df06900000,0x000000df06a00000) (1024K)]
  0x000002c070a2a840 WorkerThread "GC Thread#2"                     [id=38360, stack(0x000000df06a00000,0x000000df06b00000) (1024K)]
  0x000002c070c89e20 WorkerThread "GC Thread#3"                     [id=36056, stack(0x000000df06b00000,0x000000df06c00000) (1024K)]
  0x000002c070c8a1c0 WorkerThread "GC Thread#4"                     [id=35712, stack(0x000000df06c00000,0x000000df06d00000) (1024K)]
  0x000002c07536d540 WorkerThread "GC Thread#5"                     [id=33564, stack(0x000000df06d00000,0x000000df06e00000) (1024K)]
  0x000002c07536d8e0 WorkerThread "GC Thread#6"                     [id=35328, stack(0x000000df06e00000,0x000000df06f00000) (1024K)]
  0x000002c0752c1b60 WorkerThread "GC Thread#7"                     [id=6808, stack(0x000000df07200000,0x000000df07300000) (1024K)]
  0x000002c0753e69b0 WorkerThread "GC Thread#8"                     [id=7516, stack(0x000000df07700000,0x000000df07800000) (1024K)]
  0x000002c0753e5ed0 WorkerThread "GC Thread#9"                     [id=37924, stack(0x000000df07800000,0x000000df07900000) (1024K)]
  0x000002c0753e5b30 WorkerThread "GC Thread#10"                    [id=38740, stack(0x000000df07900000,0x000000df07a00000) (1024K)]
  0x000002c0753e5050 WorkerThread "GC Thread#11"                    [id=32476, stack(0x000000df07c00000,0x000000df07d00000) (1024K)]
  0x000002c07572e0e0 WorkerThread "GC Thread#12"                    [id=10112, stack(0x000000df07e00000,0x000000df07f00000) (1024K)]
  0x000002c07572fde0 WorkerThread "GC Thread#13"                    [id=11756, stack(0x000000df07f00000,0x000000df08000000) (1024K)]
  0x000002c07572f300 WorkerThread "GC Thread#14"                    [id=36748, stack(0x000000df08300000,0x000000df08400000) (1024K)]
Total: 17

Threads with active compile tasks:
C2 CompilerThread0  9823 7870       4       jdk.internal.jrtfs.JrtPath::initOffsets (146 bytes)
C1 CompilerThread0  9823 7964   !   3       java.util.concurrent.ConcurrentHashMap::transfer (849 bytes)
C1 CompilerThread1  9823 7965 %     3       org.eclipse.jdt.internal.core.search.indexing.BinaryIndexer::replace @ 16 (41 bytes)
C1 CompilerThread2  9823 7914   !   3       org.eclipse.jdt.internal.core.search.indexing.AddJrtToIndex$JrtIndexer::visitFile (133 bytes)
C2 CompilerThread1  9823 7863 %     4       org.eclipse.jdt.internal.core.search.indexing.BinaryIndexer::extractReferenceFromConstantPool @ 15 (358 bytes)
C1 CompilerThread3  9823 7967       3       java.util.zip.ZipFile$Source$Key::hashCode (46 bytes)
C2 CompilerThread2  9824 7897       4       jdk.internal.jimage.ImageLocation::decompress (116 bytes)
C2 CompilerThread3  9824 7878       4       org.eclipse.jdt.internal.core.util.Util::splitOn (134 bytes)
C2 CompilerThread4  9824 7762       4       org.eclipse.jdt.internal.core.search.indexing.AbstractIndexer::addIndexMetaQualification (44 bytes)
C2 CompilerThread5  9824 7766       4       org.eclipse.jdt.internal.core.search.indexing.BinaryIndexer::addTypeReference (92 bytes)
C2 CompilerThread6  9824 7506   !   4       java.net.URL::<init> (543 bytes)
C2 CompilerThread7  9824 6994   !   4       org.eclipse.osgi.internal.weaving.WovenClassImpl::callHooks (410 bytes)
Total: 12

VM state: at safepoint (normal execution)

VM Mutex/Monitor currently owned by a thread:  ([mutex/lock_event])
[0x00007ffaed09e380] Threads_lock - owner thread: 0x000002c058e00a30
[0x00007ffaed09e480] Heap_lock - owner thread: 0x000002c075919d70

Heap address: 0x00000000c0000000, size: 1024 MB, Compressed Oops mode: 32-bit

CDS archive(s) mapped at: [0x000002c000000000-0x000002c000ba0000-0x000002c000ba0000), size 12189696, SharedBaseAddress: 0x000002c000000000, ArchiveRelocationMode: 1.
Compressed class space mapped at: 0x000002c001000000-0x000002c041000000, reserved size: 1073741824
Narrow klass base: 0x000002c000000000, Narrow klass shift: 0, Narrow klass range: 0x100000000

GC Precious Log:
 CardTable entry size: 512
 CPUs: 20 total, 20 available
 Memory: 16068M
 Large Page Support: Disabled
 NUMA Support: Disabled
 Compressed Oops: Enabled (32-bit)
 Alignments: Space 512K, Generation 512K, Heap 2M
 Heap Min Capacity: 100M
 Heap Initial Capacity: 100M
 Heap Max Capacity: 1G
 Pre-touch: Disabled
 Parallel Workers: 15

Heap:
 PSYoungGen      total 24064K, used 24040K [0x00000000eab00000, 0x00000000ec880000, 0x0000000100000000)
  eden space 22016K, 100% used [0x00000000eab00000,0x00000000ec080000,0x00000000ec080000)
  from space 2048K, 98% used [0x00000000ec500000,0x00000000ec6fa0d8,0x00000000ec700000)
  to   space 1536K, 98% used [0x00000000ec700000,0x00000000ec87ad30,0x00000000ec880000)
 ParOldGen       total 68608K, used 49636K [0x00000000c0000000, 0x00000000c4300000, 0x00000000eab00000)
  object space 68608K, 72% used [0x00000000c0000000,0x00000000c307b0d8,0x00000000c4300000)
 Metaspace       used 55549K, committed 56896K, reserved 1114112K
  class space    used 6288K, committed 6912K, reserved 1048576K

Card table byte_map: [0x000002c058700000,0x000002c058910000] _byte_map_base: 0x000002c058100000

Marking Bits: (ParMarkBitMap*) 0x00007ffaed0a3260
 Begin Bits: [0x000002c06af50000, 0x000002c06bf50000)
 End Bits:   [0x000002c06bf50000, 0x000002c06cf50000)

Polling page: 0x000002c056ae0000

Metaspace:

Usage:
  Non-class:     48.11 MB used.
      Class:      6.14 MB used.
       Both:     54.25 MB used.

Virtual space:
  Non-class space:       64.00 MB reserved,      48.81 MB ( 76%) committed,  1 nodes.
      Class space:        1.00 GB reserved,       6.75 MB ( <1%) committed,  1 nodes.
             Both:        1.06 GB reserved,      55.56 MB (  5%) committed. 

Chunk freelists:
   Non-Class:  15.08 MB
       Class:  9.22 MB
        Both:  24.30 MB

MaxMetaspaceSize: unlimited
CompressedClassSpaceSize: 1.00 GB
Initial GC threshold: 21.00 MB
Current GC threshold: 58.38 MB
CDS: on
 - commit_granule_bytes: 65536.
 - commit_granule_words: 8192.
 - virtual_space_node_default_size: 8388608.
 - enlarge_chunks_in_place: 1.
 - use_allocation_guard: 0.


Internal statistics:

num_allocs_failed_limit: 6.
num_arena_births: 1046.
num_arena_deaths: 38.
num_vsnodes_births: 2.
num_vsnodes_deaths: 0.
num_space_committed: 889.
num_space_uncommitted: 0.
num_chunks_returned_to_freelist: 54.
num_chunks_taken_from_freelist: 3731.
num_chunk_merges: 14.
num_chunk_splits: 2239.
num_chunks_enlarged: 1162.
num_inconsistent_stats: 0.

CodeHeap 'non-profiled nmethods': size=119168Kb used=4615Kb max_used=4615Kb free=114552Kb
 bounds [0x000002c063af0000, 0x000002c063f80000, 0x000002c06af50000]
CodeHeap 'profiled nmethods': size=119104Kb used=15551Kb max_used=15551Kb free=103552Kb
 bounds [0x000002c05bf50000, 0x000002c05ce80000, 0x000002c0633a0000]
CodeHeap 'non-nmethods': size=7488Kb used=3087Kb max_used=3166Kb free=4400Kb
 bounds [0x000002c0633a0000, 0x000002c0636c0000, 0x000002c063af0000]
 total_blobs=7950 nmethods=7246 adapters=607
 compilation: enabled
              stopped_count=0, restarted_count=0
 full_count=0

Compilation events (20 events):
Event: 8.706 Thread 0x000002c06e72b490 7857       3       java.util.ArrayList::hashCode (22 bytes)
Event: 8.707 Thread 0x000002c06e72b490 nmethod 7857 0x000002c05ce4b690 code [0x000002c05ce4b860, 0x000002c05ce4bbb8]
Event: 8.708 Thread 0x000002c06e72b490 7861       3       java.util.ArrayList$SubList::hashCode (27 bytes)
Event: 8.710 Thread 0x000002c06e72b490 nmethod 7861 0x000002c05ce4bd10 code [0x000002c05ce4bee0, 0x000002c05ce4c248]
Event: 8.710 Thread 0x000002c06e72b490 7860       1       org.eclipse.jdt.internal.core.JarPackageFragmentRootInfo$PackageContent::javaClasses (5 bytes)
Event: 8.711 Thread 0x000002c06e72b490 nmethod 7860 0x000002c063f63a10 code [0x000002c063f63ba0, 0x000002c063f63c68]
Event: 8.711 Thread 0x000002c06e72b490 7865       3       org.eclipse.jdt.internal.core.JarPackageFragmentRoot::entryToClassName (23 bytes)
Event: 8.712 Thread 0x000002c06e9461f0 7866       3       java.util.ArrayList$SubList::equals (47 bytes)
Event: 8.713 Thread 0x000002c06e72b490 nmethod 7865 0x000002c05ce4c410 code [0x000002c05ce4c620, 0x000002c05ce4cb08]
Event: 8.713 Thread 0x000002c06e9461f0 nmethod 7866 0x000002c05ce4cd90 code [0x000002c05ce4cf80, 0x000002c05ce4d5b8]
Event: 8.714 Thread 0x000002c06e72b490 7876       3       org.eclipse.jdt.internal.core.search.indexing.BinaryIndexer::decodeParameterTypes (596 bytes)
Event: 8.715 Thread 0x000002c06e9461f0 7867       3       java.util.ArrayList::equals (62 bytes)
Event: 8.717 Thread 0x000002c06e9461f0 nmethod 7867 0x000002c05ce4d790 code [0x000002c05ce4d9a0, 0x000002c05ce4e188]
Event: 8.719 Thread 0x000002c06e9461f0 7879       2       org.eclipse.jdt.internal.core.search.indexing.BinaryIndexer::extractArgCount (316 bytes)
Event: 8.722 Thread 0x000002c06e72b490 nmethod 7876 0x000002c05ce4e390 code [0x000002c05ce4e780, 0x000002c05ce50b70]
Event: 8.723 Thread 0x000002c06e811320 7889       3       org.eclipse.jdt.internal.compiler.ExtraFlags::getExtraFlags (94 bytes)
Event: 8.723 Thread 0x000002c06e682e10 nmethod 7871 0x000002c05ce51590 code [0x000002c05ce51f80, 0x000002c05ce57b68]
Event: 8.723 Thread 0x000002c06e9461f0 nmethod 7879 0x000002c05ce5b790 code [0x000002c05ce5b9c0, 0x000002c05ce5c0d8]
Event: 8.726 Thread 0x000002c06e811320 nmethod 7889 0x000002c05ce5c490 code [0x000002c05ce5c6a0, 0x000002c05ce5ccd8]
Event: 8.726 Thread 0x000002c06e9461f0 7877       3       sun.nio.fs.WindowsFileAttributes::isSymbolicLink (15 bytes)

GC Heap History (20 events):
Event: 4.758 GC heap after
{Heap after GC invocations=19 (full 2):
 PSYoungGen      total 24064K, used 2038K [0x00000000eab00000, 0x00000000ed480000, 0x0000000100000000)
  eden space 22016K, 0% used [0x00000000eab00000,0x00000000eab00000,0x00000000ec080000)
  from space 2048K, 99% used [0x00000000ec080000,0x00000000ec27db28,0x00000000ec280000)
  to   space 10240K, 0% used [0x00000000eca80000,0x00000000eca80000,0x00000000ed480000)
 ParOldGen       total 68608K, used 29480K [0x00000000c0000000, 0x00000000c4300000, 0x00000000eab00000)
  object space 68608K, 42% used [0x00000000c0000000,0x00000000c1cca140,0x00000000c4300000)
 Metaspace       used 39282K, committed 40320K, reserved 1114112K
  class space    used 4129K, committed 4544K, reserved 1048576K
}
Event: 5.088 GC heap before
{Heap before GC invocations=20 (full 2):
 PSYoungGen      total 24064K, used 24054K [0x00000000eab00000, 0x00000000ed480000, 0x0000000100000000)
  eden space 22016K, 100% used [0x00000000eab00000,0x00000000ec080000,0x00000000ec080000)
  from space 2048K, 99% used [0x00000000ec080000,0x00000000ec27db28,0x00000000ec280000)
  to   space 10240K, 0% used [0x00000000eca80000,0x00000000eca80000,0x00000000ed480000)
 ParOldGen       total 68608K, used 29480K [0x00000000c0000000, 0x00000000c4300000, 0x00000000eab00000)
  object space 68608K, 42% used [0x00000000c0000000,0x00000000c1cca140,0x00000000c4300000)
 Metaspace       used 41136K, committed 42240K, reserved 1114112K
  class space    used 4400K, committed 4864K, reserved 1048576K
}
Event: 5.089 GC heap after
{Heap after GC invocations=20 (full 2):
 PSYoungGen      total 23040K, used 873K [0x00000000eab00000, 0x00000000ecb80000, 0x0000000100000000)
  eden space 22016K, 0% used [0x00000000eab00000,0x00000000eab00000,0x00000000ec080000)
  from space 1024K, 85% used [0x00000000eca80000,0x00000000ecb5a4a0,0x00000000ecb80000)
  to   space 4096K, 0% used [0x00000000ec380000,0x00000000ec380000,0x00000000ec780000)
 ParOldGen       total 68608K, used 31464K [0x00000000c0000000, 0x00000000c4300000, 0x00000000eab00000)
  object space 68608K, 45% used [0x00000000c0000000,0x00000000c1eba0d0,0x00000000c4300000)
 Metaspace       used 41136K, committed 42240K, reserved 1114112K
  class space    used 4400K, committed 4864K, reserved 1048576K
}
Event: 5.397 GC heap before
{Heap before GC invocations=21 (full 2):
 PSYoungGen      total 23040K, used 22889K [0x00000000eab00000, 0x00000000ecb80000, 0x0000000100000000)
  eden space 22016K, 100% used [0x00000000eab00000,0x00000000ec080000,0x00000000ec080000)
  from space 1024K, 85% used [0x00000000eca80000,0x00000000ecb5a4a0,0x00000000ecb80000)
  to   space 4096K, 0% used [0x00000000ec380000,0x00000000ec380000,0x00000000ec780000)
 ParOldGen       total 68608K, used 31464K [0x00000000c0000000, 0x00000000c4300000, 0x00000000eab00000)
  object space 68608K, 45% used [0x00000000c0000000,0x00000000c1eba0d0,0x00000000c4300000)
 Metaspace       used 43204K, committed 44288K, reserved 1114112K
  class space    used 4692K, committed 5120K, reserved 1048576K
}
Event: 5.398 GC heap after
{Heap after GC invocations=21 (full 2):
 PSYoungGen      total 26112K, used 864K [0x00000000eab00000, 0x00000000ecb00000, 0x0000000100000000)
  eden space 22016K, 0% used [0x00000000eab00000,0x00000000eab00000,0x00000000ec080000)
  from space 4096K, 21% used [0x00000000ec380000,0x00000000ec458000,0x00000000ec780000)
  to   space 1536K, 0% used [0x00000000ec980000,0x00000000ec980000,0x00000000ecb00000)
 ParOldGen       total 68608K, used 31960K [0x00000000c0000000, 0x00000000c4300000, 0x00000000eab00000)
  object space 68608K, 46% used [0x00000000c0000000,0x00000000c1f360d0,0x00000000c4300000)
 Metaspace       used 43204K, committed 44288K, reserved 1114112K
  class space    used 4692K, committed 5120K, reserved 1048576K
}
Event: 5.606 GC heap before
{Heap before GC invocations=22 (full 2):
 PSYoungGen      total 26112K, used 22880K [0x00000000eab00000, 0x00000000ecb00000, 0x0000000100000000)
  eden space 22016K, 100% used [0x00000000eab00000,0x00000000ec080000,0x00000000ec080000)
  from space 4096K, 21% used [0x00000000ec380000,0x00000000ec458000,0x00000000ec780000)
  to   space 1536K, 0% used [0x00000000ec980000,0x00000000ec980000,0x00000000ecb00000)
 ParOldGen       total 68608K, used 31960K [0x00000000c0000000, 0x00000000c4300000, 0x00000000eab00000)
  object space 68608K, 46% used [0x00000000c0000000,0x00000000c1f360d0,0x00000000c4300000)
 Metaspace       used 44609K, committed 45696K, reserved 1114112K
  class space    used 4872K, committed 5312K, reserved 1048576K
}
Event: 5.607 GC heap after
{Heap after GC invocations=22 (full 2):
 PSYoungGen      total 23552K, used 1056K [0x00000000eab00000, 0x00000000ecb00000, 0x0000000100000000)
  eden space 22016K, 0% used [0x00000000eab00000,0x00000000eab00000,0x00000000ec080000)
  from space 1536K, 68% used [0x00000000ec980000,0x00000000eca88000,0x00000000ecb00000)
  to   space 1536K, 0% used [0x00000000ec800000,0x00000000ec800000,0x00000000ec980000)
 ParOldGen       total 68608K, used 32628K [0x00000000c0000000, 0x00000000c4300000, 0x00000000eab00000)
  object space 68608K, 47% used [0x00000000c0000000,0x00000000c1fdd0e0,0x00000000c4300000)
 Metaspace       used 44609K, committed 45696K, reserved 1114112K
  class space    used 4872K, committed 5312K, reserved 1048576K
}
Event: 5.767 GC heap before
{Heap before GC invocations=23 (full 2):
 PSYoungGen      total 23552K, used 23072K [0x00000000eab00000, 0x00000000ecb00000, 0x0000000100000000)
  eden space 22016K, 100% used [0x00000000eab00000,0x00000000ec080000,0x00000000ec080000)
  from space 1536K, 68% used [0x00000000ec980000,0x00000000eca88000,0x00000000ecb00000)
  to   space 1536K, 0% used [0x00000000ec800000,0x00000000ec800000,0x00000000ec980000)
 ParOldGen       total 68608K, used 32628K [0x00000000c0000000, 0x00000000c4300000, 0x00000000eab00000)
  object space 68608K, 47% used [0x00000000c0000000,0x00000000c1fdd0e0,0x00000000c4300000)
 Metaspace       used 46046K, committed 47168K, reserved 1114112K
  class space    used 5040K, committed 5504K, reserved 1048576K
}
Event: 5.768 GC heap after
{Heap after GC invocations=23 (full 2):
 PSYoungGen      total 23552K, used 1216K [0x00000000eab00000, 0x00000000eca00000, 0x0000000100000000)
  eden space 22016K, 0% used [0x00000000eab00000,0x00000000eab00000,0x00000000ec080000)
  from space 1536K, 79% used [0x00000000ec800000,0x00000000ec930000,0x00000000ec980000)
  to   space 512K, 0% used [0x00000000ec980000,0x00000000ec980000,0x00000000eca00000)
 ParOldGen       total 68608K, used 33429K [0x00000000c0000000, 0x00000000c4300000, 0x00000000eab00000)
  object space 68608K, 48% used [0x00000000c0000000,0x00000000c20a57b0,0x00000000c4300000)
 Metaspace       used 46046K, committed 47168K, reserved 1114112K
  class space    used 5040K, committed 5504K, reserved 1048576K
}
Event: 5.917 GC heap before
{Heap before GC invocations=24 (full 2):
 PSYoungGen      total 23552K, used 23232K [0x00000000eab00000, 0x00000000eca00000, 0x0000000100000000)
  eden space 22016K, 100% used [0x00000000eab00000,0x00000000ec080000,0x00000000ec080000)
  from space 1536K, 79% used [0x00000000ec800000,0x00000000ec930000,0x00000000ec980000)
  to   space 512K, 0% used [0x00000000ec980000,0x00000000ec980000,0x00000000eca00000)
 ParOldGen       total 68608K, used 33429K [0x00000000c0000000, 0x00000000c4300000, 0x00000000eab00000)
  object space 68608K, 48% used [0x00000000c0000000,0x00000000c20a57b0,0x00000000c4300000)
 Metaspace       used 47006K, committed 48064K, reserved 1114112K
  class space    used 5187K, committed 5632K, reserved 1048576K
}
Event: 5.919 GC heap after
{Heap after GC invocations=24 (full 2):
 PSYoungGen      total 22528K, used 488K [0x00000000eab00000, 0x00000000ecc80000, 0x0000000100000000)
  eden space 22016K, 0% used [0x00000000eab00000,0x00000000eab00000,0x00000000ec080000)
  from space 512K, 95% used [0x00000000ec980000,0x00000000ec9fa2b8,0x00000000eca00000)
  to   space 6144K, 0% used [0x00000000ec080000,0x00000000ec080000,0x00000000ec680000)
 ParOldGen       total 68608K, used 38237K [0x00000000c0000000, 0x00000000c4300000, 0x00000000eab00000)
  object space 68608K, 55% used [0x00000000c0000000,0x00000000c2557760,0x00000000c4300000)
 Metaspace       used 47006K, committed 48064K, reserved 1114112K
  class space    used 5187K, committed 5632K, reserved 1048576K
}
Event: 6.078 GC heap before
{Heap before GC invocations=25 (full 2):
 PSYoungGen      total 22528K, used 22504K [0x00000000eab00000, 0x00000000ecc80000, 0x0000000100000000)
  eden space 22016K, 100% used [0x00000000eab00000,0x00000000ec080000,0x00000000ec080000)
  from space 512K, 95% used [0x00000000ec980000,0x00000000ec9fa2b8,0x00000000eca00000)
  to   space 6144K, 0% used [0x00000000ec080000,0x00000000ec080000,0x00000000ec680000)
 ParOldGen       total 68608K, used 38237K [0x00000000c0000000, 0x00000000c4300000, 0x00000000eab00000)
  object space 68608K, 55% used [0x00000000c0000000,0x00000000c2557760,0x00000000c4300000)
 Metaspace       used 48620K, committed 49792K, reserved 1114112K
  class space    used 5439K, committed 5952K, reserved 1048576K
}
Event: 6.079 GC heap after
{Heap after GC invocations=25 (full 2):
 PSYoungGen      total 28160K, used 1312K [0x00000000eab00000, 0x00000000eca00000, 0x0000000100000000)
  eden space 22016K, 0% used [0x00000000eab00000,0x00000000eab00000,0x00000000ec080000)
  from space 6144K, 21% used [0x00000000ec080000,0x00000000ec1c8000,0x00000000ec680000)
  to   space 3072K, 0% used [0x00000000ec700000,0x00000000ec700000,0x00000000eca00000)
 ParOldGen       total 68608K, used 38775K [0x00000000c0000000, 0x00000000c4300000, 0x00000000eab00000)
  object space 68608K, 56% used [0x00000000c0000000,0x00000000c25ddc18,0x00000000c4300000)
 Metaspace       used 48620K, committed 49792K, reserved 1114112K
  class space    used 5439K, committed 5952K, reserved 1048576K
}
Event: 6.254 GC heap before
{Heap before GC invocations=26 (full 2):
 PSYoungGen      total 28160K, used 23328K [0x00000000eab00000, 0x00000000eca00000, 0x0000000100000000)
  eden space 22016K, 100% used [0x00000000eab00000,0x00000000ec080000,0x00000000ec080000)
  from space 6144K, 21% used [0x00000000ec080000,0x00000000ec1c8000,0x00000000ec680000)
  to   space 3072K, 0% used [0x00000000ec700000,0x00000000ec700000,0x00000000eca00000)
 ParOldGen       total 68608K, used 38775K [0x00000000c0000000, 0x00000000c4300000, 0x00000000eab00000)
  object space 68608K, 56% used [0x00000000c0000000,0x00000000c25ddc18,0x00000000c4300000)
 Metaspace       used 51112K, committed 52352K, reserved 1114112K
  class space    used 5775K, committed 6336K, reserved 1048576K
}
Event: 6.256 GC heap after
{Heap after GC invocations=26 (full 2):
 PSYoungGen      total 24064K, used 1894K [0x00000000eab00000, 0x00000000ec900000, 0x0000000100000000)
  eden space 22016K, 0% used [0x00000000eab00000,0x00000000eab00000,0x00000000ec080000)
  from space 2048K, 92% used [0x00000000ec700000,0x00000000ec8d9ab0,0x00000000ec900000)
  to   space 2048K, 0% used [0x00000000ec500000,0x00000000ec500000,0x00000000ec700000)
 ParOldGen       total 68608K, used 39803K [0x00000000c0000000, 0x00000000c4300000, 0x00000000eab00000)
  object space 68608K, 58% used [0x00000000c0000000,0x00000000c26dee38,0x00000000c4300000)
 Metaspace       used 51112K, committed 52352K, reserved 1114112K
  class space    used 5775K, committed 6336K, reserved 1048576K
}
Event: 6.408 GC heap before
{Heap before GC invocations=27 (full 2):
 PSYoungGen      total 24064K, used 23885K [0x00000000eab00000, 0x00000000ec900000, 0x0000000100000000)
  eden space 22016K, 99% used [0x00000000eab00000,0x00000000ec0799a0,0x00000000ec080000)
  from space 2048K, 92% used [0x00000000ec700000,0x00000000ec8d9ab0,0x00000000ec900000)
  to   space 2048K, 0% used [0x00000000ec500000,0x00000000ec500000,0x00000000ec700000)
 ParOldGen       total 68608K, used 39803K [0x00000000c0000000, 0x00000000c4300000, 0x00000000eab00000)
  object space 68608K, 58% used [0x00000000c0000000,0x00000000c26dee38,0x00000000c4300000)
 Metaspace       used 53363K, committed 54656K, reserved 1114112K
  class space    used 6026K, committed 6592K, reserved 1048576K
}
Event: 6.410 GC heap after
{Heap after GC invocations=27 (full 2):
 PSYoungGen      total 24064K, used 1557K [0x00000000eab00000, 0x00000000ec780000, 0x0000000100000000)
  eden space 22016K, 0% used [0x00000000eab00000,0x00000000eab00000,0x00000000ec080000)
  from space 2048K, 76% used [0x00000000ec500000,0x00000000ec685760,0x00000000ec700000)
  to   space 512K, 0% used [0x00000000ec700000,0x00000000ec700000,0x00000000ec780000)
 ParOldGen       total 68608K, used 41419K [0x00000000c0000000, 0x00000000c4300000, 0x00000000eab00000)
  object space 68608K, 60% used [0x00000000c0000000,0x00000000c2872c08,0x00000000c4300000)
 Metaspace       used 53363K, committed 54656K, reserved 1114112K
  class space    used 6026K, committed 6592K, reserved 1048576K
}
Event: 6.555 GC heap before
{Heap before GC invocations=28 (full 2):
 PSYoungGen      total 24064K, used 23573K [0x00000000eab00000, 0x00000000ec780000, 0x0000000100000000)
  eden space 22016K, 100% used [0x00000000eab00000,0x00000000ec080000,0x00000000ec080000)
  from space 2048K, 76% used [0x00000000ec500000,0x00000000ec685760,0x00000000ec700000)
  to   space 512K, 0% used [0x00000000ec700000,0x00000000ec700000,0x00000000ec780000)
 ParOldGen       total 68608K, used 41419K [0x00000000c0000000, 0x00000000c4300000, 0x00000000eab00000)
  object space 68608K, 60% used [0x00000000c0000000,0x00000000c2872c08,0x00000000c4300000)
 Metaspace       used 54878K, committed 56192K, reserved 1114112K
  class space    used 6221K, committed 6848K, reserved 1048576K
}
Event: 8.570 GC heap after
{Heap after GC invocations=28 (full 2):
 PSYoungGen      total 22528K, used 512K [0x00000000eab00000, 0x00000000ec780000, 0x0000000100000000)
  eden space 22016K, 0% used [0x00000000eab00000,0x00000000eab00000,0x00000000ec080000)
  from space 512K, 100% used [0x00000000ec700000,0x00000000ec780000,0x00000000ec780000)
  to   space 2048K, 0% used [0x00000000ec500000,0x00000000ec500000,0x00000000ec700000)
 ParOldGen       total 68608K, used 45312K [0x00000000c0000000, 0x00000000c4300000, 0x00000000eab00000)
  object space 68608K, 66% used [0x00000000c0000000,0x00000000c2c401f8,0x00000000c4300000)
 Metaspace       used 54878K, committed 56192K, reserved 1114112K
  class space    used 6221K, committed 6848K, reserved 1048576K
}
Event: 8.727 GC heap before
{Heap before GC invocations=29 (full 2):
 PSYoungGen      total 22528K, used 22528K [0x00000000eab00000, 0x00000000ec780000, 0x0000000100000000)
  eden space 22016K, 100% used [0x00000000eab00000,0x00000000ec080000,0x00000000ec080000)
  from space 512K, 100% used [0x00000000ec700000,0x00000000ec780000,0x00000000ec780000)
  to   space 2048K, 0% used [0x00000000ec500000,0x00000000ec500000,0x00000000ec700000)
 ParOldGen       total 68608K, used 45312K [0x00000000c0000000, 0x00000000c4300000, 0x00000000eab00000)
  object space 68608K, 66% used [0x00000000c0000000,0x00000000c2c401f8,0x00000000c4300000)
 Metaspace       used 55430K, committed 56832K, reserved 1114112K
  class space    used 6281K, committed 6912K, reserved 1048576K
}

Dll operation events (13 events):
Event: 0.024 Loaded shared library c:\Users\domin\.vscode\extensions\redhat.java-1.41.1-win32-x64\jre\21.0.6-win32-x86_64\bin\java.dll
Event: 0.091 Loaded shared library c:\Users\domin\.vscode\extensions\redhat.java-1.41.1-win32-x64\jre\21.0.6-win32-x86_64\bin\zip.dll
Event: 0.107 Loaded shared library C:\Users\domin\.vscode\extensions\redhat.java-1.41.1-win32-x64\jre\21.0.6-win32-x86_64\bin\instrument.dll
Event: 0.109 Loaded shared library C:\Users\domin\.vscode\extensions\redhat.java-1.41.1-win32-x64\jre\21.0.6-win32-x86_64\bin\net.dll
Event: 0.111 Loaded shared library C:\Users\domin\.vscode\extensions\redhat.java-1.41.1-win32-x64\jre\21.0.6-win32-x86_64\bin\nio.dll
Event: 0.113 Loaded shared library C:\Users\domin\.vscode\extensions\redhat.java-1.41.1-win32-x64\jre\21.0.6-win32-x86_64\bin\zip.dll
Event: 0.132 Loaded shared library C:\Users\domin\.vscode\extensions\redhat.java-1.41.1-win32-x64\jre\21.0.6-win32-x86_64\bin\jimage.dll
Event: 0.195 Loaded shared library c:\Users\domin\.vscode\extensions\redhat.java-1.41.1-win32-x64\jre\21.0.6-win32-x86_64\bin\verify.dll
Event: 1.008 Loaded shared library C:\Users\domin\AppData\Roaming\Code\User\globalStorage\redhat.java\1.41.1\config_win\org.eclipse.equinox.launcher\org.eclipse.equinox.launcher.win32.win32.x86_64_1.2.1300.v20250331-1702\eclipse_11911.dll
Event: 2.241 Loaded shared library C:\Users\domin\AppData\Local\Temp\jna-95767015\jna12884129239039726990.dll
Event: 5.107 Loaded shared library C:\Users\domin\.gradle\native\c067742578af261105cb4f569cf0c3c89f3d7b1fecec35dd04571415982c5e48\windows-amd64\native-platform.dll
Event: 6.277 Loaded shared library C:\Users\domin\.vscode\extensions\redhat.java-1.41.1-win32-x64\jre\21.0.6-win32-x86_64\bin\management.dll
Event: 6.280 Loaded shared library C:\Users\domin\.vscode\extensions\redhat.java-1.41.1-win32-x64\jre\21.0.6-win32-x86_64\bin\management_ext.dll

Deoptimization events (20 events):
Event: 8.690 Thread 0x000002c075918330 DEOPT PACKING pc=0x000002c05cde0302 sp=0x000000df06ffebf0
Event: 8.690 Thread 0x000002c075918330 DEOPT UNPACKING pc=0x000002c0633f4242 sp=0x000000df06ffe050 mode 0
Event: 8.691 Thread 0x000002c075918330 DEOPT PACKING pc=0x000002c05cd72ed3 sp=0x000000df06ffe9b0
Event: 8.691 Thread 0x000002c075918330 DEOPT UNPACKING pc=0x000002c0633f4242 sp=0x000000df06ffde50 mode 0
Event: 8.698 Thread 0x000002c0759189c0 DEOPT PACKING pc=0x000002c05cd6b401 sp=0x000000df08bfeeb0
Event: 8.698 Thread 0x000002c0759189c0 DEOPT UNPACKING pc=0x000002c0633f4242 sp=0x000000df08bfe3d0 mode 0
Event: 8.700 Thread 0x000002c075918330 DEOPT PACKING pc=0x000002c05cd72ed3 sp=0x000000df06ffe970
Event: 8.701 Thread 0x000002c075918330 DEOPT UNPACKING pc=0x000002c0633f4242 sp=0x000000df06ffde10 mode 0
Event: 8.710 Thread 0x000002c075918330 DEOPT PACKING pc=0x000002c05cd700b0 sp=0x000000df06ffeb20
Event: 8.710 Thread 0x000002c075918330 DEOPT UNPACKING pc=0x000002c0633f4242 sp=0x000000df06ffdf68 mode 0
Event: 8.713 Thread 0x000002c075918330 DEOPT PACKING pc=0x000002c05cd72ed3 sp=0x000000df06ffe970
Event: 8.713 Thread 0x000002c075918330 DEOPT UNPACKING pc=0x000002c0633f4242 sp=0x000000df06ffde10 mode 0
Event: 8.713 Thread 0x000002c075918330 DEOPT PACKING pc=0x000002c05cde9b78 sp=0x000000df06ffeb90
Event: 8.713 Thread 0x000002c075918330 DEOPT UNPACKING pc=0x000002c0633f4242 sp=0x000000df06ffe040 mode 0
Event: 8.716 Thread 0x000002c075918330 DEOPT PACKING pc=0x000002c05cdfb41e sp=0x000000df06ffea70
Event: 8.717 Thread 0x000002c075918330 DEOPT UNPACKING pc=0x000002c0633f4242 sp=0x000000df06ffde90 mode 0
Event: 8.717 Thread 0x000002c075918330 DEOPT PACKING pc=0x000002c05cd72ed3 sp=0x000000df06ffe910
Event: 8.717 Thread 0x000002c075918330 DEOPT UNPACKING pc=0x000002c0633f4242 sp=0x000000df06ffddb0 mode 0
Event: 8.723 Thread 0x000002c07828fde0 DEOPT PACKING pc=0x000002c05cd6b401 sp=0x000000df0c3fe250
Event: 8.723 Thread 0x000002c07828fde0 DEOPT UNPACKING pc=0x000002c0633f4242 sp=0x000000df0c3fd770 mode 0

Classes loaded (20 events):
Event: 6.425 Loading class java/util/concurrent/ConcurrentSkipListMap$EntryIterator
Event: 6.425 Loading class java/util/concurrent/ConcurrentSkipListMap$Iter
Event: 6.425 Loading class java/util/concurrent/ConcurrentSkipListMap$Iter done
Event: 6.425 Loading class java/util/concurrent/ConcurrentSkipListMap$EntryIterator done
Event: 6.517 Loading class java/util/TreeMap$ValueSpliterator
Event: 6.517 Loading class java/util/TreeMap$TreeMapSpliterator
Event: 6.517 Loading class java/util/TreeMap$TreeMapSpliterator done
Event: 6.517 Loading class java/util/TreeMap$ValueSpliterator done
Event: 8.636 Loading class java/util/concurrent/CompletionException
Event: 8.637 Loading class java/util/concurrent/CompletionException done
Event: 8.667 Loading class java/nio/file/FileTreeWalker$1
Event: 8.667 Loading class java/nio/file/FileTreeWalker$1 done
Event: 8.668 Loading class sun/nio/fs/Globs
Event: 8.669 Loading class sun/nio/fs/Globs done
Event: 8.670 Loading class java/util/regex/Pattern$SliceU
Event: 8.671 Loading class java/util/regex/Pattern$SliceU done
Event: 8.671 Loading class sun/nio/fs/WindowsFileSystem$2
Event: 8.672 Loading class java/nio/file/PathMatcher
Event: 8.672 Loading class java/nio/file/PathMatcher done
Event: 8.672 Loading class sun/nio/fs/WindowsFileSystem$2 done

Classes unloaded (19 events):
Event: 2.935 Thread 0x000002c058e00a30 Unloading class 0x000002c00119cc00 'java/lang/invoke/LambdaForm$MH+0x000002c00119cc00'
Event: 2.935 Thread 0x000002c058e00a30 Unloading class 0x000002c00119c800 'java/lang/invoke/LambdaForm$MH+0x000002c00119c800'
Event: 2.935 Thread 0x000002c058e00a30 Unloading class 0x000002c00119c400 'java/lang/invoke/LambdaForm$MH+0x000002c00119c400'
Event: 2.935 Thread 0x000002c058e00a30 Unloading class 0x000002c00119c000 'java/lang/invoke/LambdaForm$MH+0x000002c00119c000'
Event: 2.935 Thread 0x000002c058e00a30 Unloading class 0x000002c00119bc00 'java/lang/invoke/LambdaForm$BMH+0x000002c00119bc00'
Event: 2.935 Thread 0x000002c058e00a30 Unloading class 0x000002c00119b800 'java/lang/invoke/LambdaForm$DMH+0x000002c00119b800'
Event: 2.935 Thread 0x000002c058e00a30 Unloading class 0x000002c00119a400 'java/lang/invoke/LambdaForm$DMH+0x000002c00119a400'
Event: 4.106 Thread 0x000002c058e00a30 Unloading class 0x000002c00139dc00 'java/lang/invoke/LambdaForm$MH+0x000002c00139dc00'
Event: 4.106 Thread 0x000002c058e00a30 Unloading class 0x000002c00139d000 'java/lang/invoke/LambdaForm$MH+0x000002c00139d000'
Event: 4.106 Thread 0x000002c058e00a30 Unloading class 0x000002c00139c800 'java/lang/invoke/LambdaForm$MH+0x000002c00139c800'
Event: 4.106 Thread 0x000002c058e00a30 Unloading class 0x000002c00139c000 'java/lang/invoke/LambdaForm$MH+0x000002c00139c000'
Event: 4.106 Thread 0x000002c058e00a30 Unloading class 0x000002c00139bc00 'java/lang/invoke/LambdaForm$DMH+0x000002c00139bc00'
Event: 4.106 Thread 0x000002c058e00a30 Unloading class 0x000002c00139b000 'java/lang/invoke/LambdaForm$MH+0x000002c00139b000'
Event: 4.106 Thread 0x000002c058e00a30 Unloading class 0x000002c001397800 'java/lang/invoke/LambdaForm$MH+0x000002c001397800'
Event: 4.106 Thread 0x000002c058e00a30 Unloading class 0x000002c001397000 'java/lang/invoke/LambdaForm$MH+0x000002c001397000'
Event: 4.106 Thread 0x000002c058e00a30 Unloading class 0x000002c001396c00 'java/lang/invoke/LambdaForm$MH+0x000002c001396c00'
Event: 4.106 Thread 0x000002c058e00a30 Unloading class 0x000002c001396400 'java/lang/invoke/LambdaForm$MH+0x000002c001396400'
Event: 4.106 Thread 0x000002c058e00a30 Unloading class 0x000002c001395800 'java/lang/invoke/LambdaForm$MH+0x000002c001395800'
Event: 4.106 Thread 0x000002c058e00a30 Unloading class 0x000002c001395400 'java/lang/invoke/LambdaForm$MH+0x000002c001395400'

Classes redefined (0 events):
No events

Internal exceptions (20 events):
Event: 8.721 Thread 0x000002c0759189c0 Exception <a 'sun/nio/fs/WindowsException'{0x00000000ebbf4ae8}> (0x00000000ebbf4ae8) 
thrown [s\src\hotspot\share\prims\jni.cpp, line 520]
Event: 8.721 Thread 0x000002c0759189c0 Exception <a 'sun/nio/fs/WindowsException'{0x00000000ebbf50b8}> (0x00000000ebbf50b8) 
thrown [s\src\hotspot\share\prims\jni.cpp, line 520]
Event: 8.721 Thread 0x000002c0759189c0 Exception <a 'sun/nio/fs/WindowsException'{0x00000000ebbf5688}> (0x00000000ebbf5688) 
thrown [s\src\hotspot\share\prims\jni.cpp, line 520]
Event: 8.721 Thread 0x000002c0759189c0 Exception <a 'sun/nio/fs/WindowsException'{0x00000000ebbf5c78}> (0x00000000ebbf5c78) 
thrown [s\src\hotspot\share\prims\jni.cpp, line 520]
Event: 8.722 Thread 0x000002c0759189c0 Exception <a 'sun/nio/fs/WindowsException'{0x00000000ebbfae98}> (0x00000000ebbfae98) 
thrown [s\src\hotspot\share\prims\jni.cpp, line 520]
Event: 8.722 Thread 0x000002c0759189c0 Exception <a 'sun/nio/fs/WindowsException'{0x00000000ebbfb448}> (0x00000000ebbfb448) 
thrown [s\src\hotspot\share\prims\jni.cpp, line 520]
Event: 8.722 Thread 0x000002c0759189c0 Exception <a 'sun/nio/fs/WindowsException'{0x00000000ebbfba08}> (0x00000000ebbfba08) 
thrown [s\src\hotspot\share\prims\jni.cpp, line 520]
Event: 8.722 Thread 0x000002c0759189c0 Exception <a 'sun/nio/fs/WindowsException'{0x00000000ebbfbfd8}> (0x00000000ebbfbfd8) 
thrown [s\src\hotspot\share\prims\jni.cpp, line 520]
Event: 8.723 Thread 0x000002c0759189c0 Exception <a 'sun/nio/fs/WindowsException'{0x00000000ebc00fd0}> (0x00000000ebc00fd0) 
thrown [s\src\hotspot\share\prims\jni.cpp, line 520]
Event: 8.723 Thread 0x000002c0759189c0 Exception <a 'sun/nio/fs/WindowsException'{0x00000000ebc015d8}> (0x00000000ebc015d8) 
thrown [s\src\hotspot\share\prims\jni.cpp, line 520]
Event: 8.723 Thread 0x000002c0759189c0 Exception <a 'sun/nio/fs/WindowsException'{0x00000000ebc01bf0}> (0x00000000ebc01bf0) 
thrown [s\src\hotspot\share\prims\jni.cpp, line 520]
Event: 8.723 Thread 0x000002c0759189c0 Exception <a 'sun/nio/fs/WindowsException'{0x00000000ebc02218}> (0x00000000ebc02218) 
thrown [s\src\hotspot\share\prims\jni.cpp, line 520]
Event: 8.723 Thread 0x000002c0759189c0 Exception <a 'sun/nio/fs/WindowsException'{0x00000000ebc08298}> (0x00000000ebc08298) 
thrown [s\src\hotspot\share\prims\jni.cpp, line 520]
Event: 8.723 Thread 0x000002c0759189c0 Exception <a 'sun/nio/fs/WindowsException'{0x00000000ebc08858}> (0x00000000ebc08858) 
thrown [s\src\hotspot\share\prims\jni.cpp, line 520]
Event: 8.723 Thread 0x000002c0759189c0 Exception <a 'sun/nio/fs/WindowsException'{0x00000000ebc08e18}> (0x00000000ebc08e18) 
thrown [s\src\hotspot\share\prims\jni.cpp, line 520]
Event: 8.723 Thread 0x000002c0759189c0 Exception <a 'sun/nio/fs/WindowsException'{0x00000000ebc093f0}> (0x00000000ebc093f0) 
thrown [s\src\hotspot\share\prims\jni.cpp, line 520]
Event: 8.724 Thread 0x000002c0759189c0 Exception <a 'sun/nio/fs/WindowsException'{0x00000000ebe5c3b8}> (0x00000000ebe5c3b8) 
thrown [s\src\hotspot\share\prims\jni.cpp, line 520]
Event: 8.725 Thread 0x000002c0759189c0 Exception <a 'sun/nio/fs/WindowsException'{0x00000000ebe5c978}> (0x00000000ebe5c978) 
thrown [s\src\hotspot\share\prims\jni.cpp, line 520]
Event: 8.725 Thread 0x000002c0759189c0 Exception <a 'sun/nio/fs/WindowsException'{0x00000000ebe5cf38}> (0x00000000ebe5cf38) 
thrown [s\src\hotspot\share\prims\jni.cpp, line 520]
Event: 8.725 Thread 0x000002c0759189c0 Exception <a 'sun/nio/fs/WindowsException'{0x00000000ebe5d510}> (0x00000000ebe5d510) 
thrown [s\src\hotspot\share\prims\jni.cpp, line 520]

ZGC Phase Switch (0 events):
No events

VM Operations (20 events):
Event: 6.260 Executing VM operation: HandshakeAllThreads (Deoptimize) done
Event: 6.262 Executing VM operation: HandshakeAllThreads (Deoptimize)
Event: 6.263 Executing VM operation: HandshakeAllThreads (Deoptimize) done
Event: 6.279 Executing VM operation: HandshakeAllThreads (Deoptimize)
Event: 6.279 Executing VM operation: HandshakeAllThreads (Deoptimize) done
Event: 6.289 Executing VM operation: HandshakeAllThreads (Deoptimize)
Event: 6.289 Executing VM operation: HandshakeAllThreads (Deoptimize) done
Event: 6.290 Executing VM operation: HandshakeAllThreads (Deoptimize)
Event: 6.291 Executing VM operation: HandshakeAllThreads (Deoptimize) done
Event: 6.292 Executing VM operation: HandshakeAllThreads (Deoptimize)
Event: 6.292 Executing VM operation: HandshakeAllThreads (Deoptimize) done
Event: 6.333 Executing VM operation: HandshakeAllThreads (Deoptimize)
Event: 6.333 Executing VM operation: HandshakeAllThreads (Deoptimize) done
Event: 6.408 Executing VM operation: ParallelGCFailedAllocation (Allocation Failure)
Event: 6.410 Executing VM operation: ParallelGCFailedAllocation (Allocation Failure) done
Event: 6.551 Executing VM operation: ParallelGCFailedAllocation (Allocation Failure)
Event: 8.570 Executing VM operation: ParallelGCFailedAllocation (Allocation Failure) done
Event: 8.631 Executing VM operation: HandshakeAllThreads (Deoptimize)
Event: 8.638 Executing VM operation: HandshakeAllThreads (Deoptimize) done
Event: 8.727 Executing VM operation: ParallelGCFailedAllocation (Allocation Failure)

Memory protections (0 events):
No events

Nmethod flushes (20 events):
Event: 4.120 Thread 0x000002c058e00a30 flushing  nmethod 0x000002c05c6ae690
Event: 4.120 Thread 0x000002c058e00a30 flushing  nmethod 0x000002c05c6e9910
Event: 4.120 Thread 0x000002c058e00a30 flushing  nmethod 0x000002c05c6efb10
Event: 4.120 Thread 0x000002c058e00a30 flushing  nmethod 0x000002c05c6f1910
Event: 4.120 Thread 0x000002c058e00a30 flushing  nmethod 0x000002c05c6f2210
Event: 4.120 Thread 0x000002c058e00a30 flushing  nmethod 0x000002c05c6f3410
Event: 4.120 Thread 0x000002c058e00a30 flushing  nmethod 0x000002c05c6f3c10
Event: 4.120 Thread 0x000002c058e00a30 flushing  nmethod 0x000002c05c6f4110
Event: 4.120 Thread 0x000002c058e00a30 flushing  nmethod 0x000002c05c6f5d10
Event: 4.120 Thread 0x000002c058e00a30 flushing  nmethod 0x000002c05c6f6890
Event: 4.120 Thread 0x000002c058e00a30 flushing  nmethod 0x000002c05c6f6d90
Event: 4.120 Thread 0x000002c058e00a30 flushing  nmethod 0x000002c05c6f7210
Event: 4.120 Thread 0x000002c058e00a30 flushing  nmethod 0x000002c05c6f7f10
Event: 4.120 Thread 0x000002c058e00a30 flushing  nmethod 0x000002c05c6f8c10
Event: 4.120 Thread 0x000002c058e00a30 flushing  nmethod 0x000002c05c700390
Event: 4.120 Thread 0x000002c058e00a30 flushing  nmethod 0x000002c05c73ba90
Event: 4.120 Thread 0x000002c058e00a30 flushing  nmethod 0x000002c05c75c090
Event: 4.120 Thread 0x000002c058e00a30 flushing  nmethod 0x000002c05c763a90
Event: 4.120 Thread 0x000002c058e00a30 flushing  nmethod 0x000002c05c812390
Event: 4.120 Thread 0x000002c058e00a30 flushing  nmethod 0x000002c05c83fb10

Events (20 events):
Event: 3.989 Thread 0x000002c079110320 Thread added: 0x000002c07828cff0
Event: 3.989 Thread 0x000002c0791123f0 Thread added: 0x000002c07828d680
Event: 3.990 Thread 0x000002c07910e8e0 Thread added: 0x000002c07828b5b0
Event: 3.990 Thread 0x000002c07910b460 Thread added: 0x000002c07828f750
Event: 3.990 Thread 0x000002c07591b7b0 Thread added: 0x000002c078290b00
Event: 3.990 Thread 0x000002c07910c180 Thread added: 0x000002c078292540
Event: 4.137 Thread 0x000002c07828c960 Thread added: 0x000002c07828f0c0
Event: 4.304 Thread 0x000002c058d63ea0 Thread added: 0x000002c078291190
Event: 4.304 Thread 0x000002c058d63ea0 Thread added: 0x000002c078291820
Event: 4.371 Thread 0x000002c07910b460 Thread added: 0x000002c07828fde0
Event: 4.371 Thread 0x000002c07910baf0 Thread added: 0x000002c078290470
Event: 4.371 Thread 0x000002c079110320 Thread added: 0x000002c078292bd0
Event: 4.371 Thread 0x000002c07910c180 Thread added: 0x000002c07c46ab70
Event: 4.371 Thread 0x000002c0791123f0 Thread added: 0x000002c07c46b200
Event: 4.372 Thread 0x000002c07591b7b0 Thread added: 0x000002c07c468410
Event: 4.372 Thread 0x000002c07910f600 Thread added: 0x000002c07c469e50
Event: 4.372 Thread 0x000002c07910ef70 Thread added: 0x000002c07c468aa0
Event: 4.372 Thread 0x000002c07910e250 Thread added: 0x000002c07c469130
Event: 4.372 Thread 0x000002c07910e8e0 Thread added: 0x000002c07c46a4e0
Event: 8.571 Thread 0x000002c075743d10 Thread exited: 0x000002c075743d10


Dynamic libraries:
0x00007ff79b880000 - 0x00007ff79b88e000 	c:\Users\domin\.vscode\extensions\redhat.java-1.41.1-win32-x64\jre\21.0.6-win32-x86_64\bin\java.exe
0x00007ffb9fb60000 - 0x00007ffb9fdc0000 	C:\WINDOWS\SYSTEM32\ntdll.dll
0x00007ffb9eb80000 - 0x00007ffb9ec47000 	C:\WINDOWS\System32\KERNEL32.DLL
0x00007ffb9cec0000 - 0x00007ffb9d28a000 	C:\WINDOWS\System32\KERNELBASE.dll
0x00007ffb9d760000 - 0x00007ffb9d8ab000 	C:\WINDOWS\System32\ucrtbase.dll
0x00007ffb93e50000 - 0x00007ffb93e68000 	c:\Users\domin\.vscode\extensions\redhat.java-1.41.1-win32-x64\jre\21.0.6-win32-x86_64\bin\jli.dll
0x00007ffb9f470000 - 0x00007ffb9f63c000 	C:\WINDOWS\System32\USER32.dll
0x00007ffb93d80000 - 0x00007ffb93d9e000 	c:\Users\domin\.vscode\extensions\redhat.java-1.41.1-win32-x64\jre\21.0.6-win32-x86_64\bin\VCRUNTIME140.dll
0x00007ffb9d460000 - 0x00007ffb9d487000 	C:\WINDOWS\System32\win32u.dll
0x00007ffb7f520000 - 0x00007ffb7f7b7000 	C:\WINDOWS\WinSxS\amd64_microsoft.windows.common-controls_6595b64144ccf1df_6.0.26100.3624_none_3e086962e3345f24\COMCTL32.dll
0x00007ffb9ed10000 - 0x00007ffb9ed3a000 	C:\WINDOWS\System32\GDI32.dll
0x00007ffb9d290000 - 0x00007ffb9d3c1000 	C:\WINDOWS\System32\gdi32full.dll
0x00007ffb9ec60000 - 0x00007ffb9ed09000 	C:\WINDOWS\System32\msvcrt.dll
0x00007ffb9d8b0000 - 0x00007ffb9d953000 	C:\WINDOWS\System32\msvcp_win.dll
0x00007ffb9e3b0000 - 0x00007ffb9e3df000 	C:\WINDOWS\System32\IMM32.DLL
0x00007ffb93f20000 - 0x00007ffb93f2c000 	c:\Users\domin\.vscode\extensions\redhat.java-1.41.1-win32-x64\jre\21.0.6-win32-x86_64\bin\vcruntime140_1.dll
0x00007ffb6b870000 - 0x00007ffb6b8fd000 	c:\Users\domin\.vscode\extensions\redhat.java-1.41.1-win32-x64\jre\21.0.6-win32-x86_64\bin\msvcp140.dll
0x00007ffaec3f0000 - 0x00007ffaed180000 	c:\Users\domin\.vscode\extensions\redhat.java-1.41.1-win32-x64\jre\21.0.6-win32-x86_64\bin\server\jvm.dll
0x00007ffb9e190000 - 0x00007ffb9e242000 	C:\WINDOWS\System32\ADVAPI32.dll
0x00007ffb9e970000 - 0x00007ffb9ea16000 	C:\WINDOWS\System32\sechost.dll
0x00007ffb9f940000 - 0x00007ffb9fa56000 	C:\WINDOWS\System32\RPCRT4.dll
0x00007ffb9ea20000 - 0x00007ffb9ea94000 	C:\WINDOWS\System32\WS2_32.dll
0x00007ffb9b9b0000 - 0x00007ffb9ba0e000 	C:\WINDOWS\SYSTEM32\POWRPROF.dll
0x00007ffb94100000 - 0x00007ffb9410b000 	C:\WINDOWS\SYSTEM32\VERSION.dll
0x00007ffb997e0000 - 0x00007ffb99816000 	C:\WINDOWS\SYSTEM32\WINMM.dll
0x00007ffb9b990000 - 0x00007ffb9b9a4000 	C:\WINDOWS\SYSTEM32\UMPDC.dll
0x00007ffb9bc70000 - 0x00007ffb9bc8a000 	C:\WINDOWS\SYSTEM32\kernel.appcore.dll
0x00007ffb93e40000 - 0x00007ffb93e4a000 	c:\Users\domin\.vscode\extensions\redhat.java-1.41.1-win32-x64\jre\21.0.6-win32-x86_64\bin\jimage.dll
0x00007ffb9a0a0000 - 0x00007ffb9a2e1000 	C:\WINDOWS\SYSTEM32\DBGHELP.DLL
0x00007ffb9d960000 - 0x00007ffb9dce2000 	C:\WINDOWS\System32\combase.dll
0x00007ffb9eaa0000 - 0x00007ffb9eb76000 	C:\WINDOWS\System32\OLEAUT32.dll
0x00007ffb7af00000 - 0x00007ffb7af39000 	C:\WINDOWS\SYSTEM32\dbgcore.DLL
0x00007ffb9d6c0000 - 0x00007ffb9d759000 	C:\WINDOWS\System32\bcryptPrimitives.dll
0x00007ffb93d00000 - 0x00007ffb93d0f000 	c:\Users\domin\.vscode\extensions\redhat.java-1.41.1-win32-x64\jre\21.0.6-win32-x86_64\bin\instrument.dll
0x00007ffb93ce0000 - 0x00007ffb93cff000 	c:\Users\domin\.vscode\extensions\redhat.java-1.41.1-win32-x64\jre\21.0.6-win32-x86_64\bin\java.dll
0x00007ffb9ed40000 - 0x00007ffb9f469000 	C:\WINDOWS\System32\SHELL32.dll
0x00007ffb9d490000 - 0x00007ffb9d5f8000 	C:\WINDOWS\System32\wintypes.dll
0x00007ffb9a9e0000 - 0x00007ffb9b232000 	C:\WINDOWS\SYSTEM32\windows.storage.dll
0x00007ffb9e720000 - 0x00007ffb9e80d000 	C:\WINDOWS\System32\SHCORE.dll
0x00007ffb9f640000 - 0x00007ffb9f6a4000 	C:\WINDOWS\System32\shlwapi.dll
0x00007ffb9cc50000 - 0x00007ffb9cc7f000 	C:\WINDOWS\SYSTEM32\profapi.dll
0x00007ffb87a80000 - 0x00007ffb87a98000 	c:\Users\domin\.vscode\extensions\redhat.java-1.41.1-win32-x64\jre\21.0.6-win32-x86_64\bin\zip.dll
0x00007ffb87a70000 - 0x00007ffb87a80000 	C:\Users\domin\.vscode\extensions\redhat.java-1.41.1-win32-x64\jre\21.0.6-win32-x86_64\bin\net.dll
0x00007ffb95d00000 - 0x00007ffb95e1d000 	C:\WINDOWS\SYSTEM32\WINHTTP.dll
0x00007ffb9c190000 - 0x00007ffb9c1fa000 	C:\WINDOWS\system32\mswsock.dll
0x00007ffb85bd0000 - 0x00007ffb85be6000 	C:\Users\domin\.vscode\extensions\redhat.java-1.41.1-win32-x64\jre\21.0.6-win32-x86_64\bin\nio.dll
0x00007ffb87a60000 - 0x00007ffb87a70000 	c:\Users\domin\.vscode\extensions\redhat.java-1.41.1-win32-x64\jre\21.0.6-win32-x86_64\bin\verify.dll
0x00007ffb857a0000 - 0x00007ffb857e5000 	C:\Users\domin\AppData\Roaming\Code\User\globalStorage\redhat.java\1.41.1\config_win\org.eclipse.equinox.launcher\org.eclipse.equinox.launcher.win32.win32.x86_64_1.2.1300.v20250331-1702\eclipse_11911.dll
0x00007ffb9e500000 - 0x00007ffb9e696000 	C:\WINDOWS\System32\ole32.dll
0x00007ffb9c430000 - 0x00007ffb9c44c000 	C:\WINDOWS\SYSTEM32\CRYPTSP.dll
0x00007ffb9bbd0000 - 0x00007ffb9bc0a000 	C:\WINDOWS\system32\rsaenh.dll
0x00007ffb9c230000 - 0x00007ffb9c25b000 	C:\WINDOWS\SYSTEM32\USERENV.dll
0x00007ffb9cc20000 - 0x00007ffb9cc46000 	C:\WINDOWS\SYSTEM32\bcrypt.dll
0x00007ffb9c450000 - 0x00007ffb9c45c000 	C:\WINDOWS\SYSTEM32\CRYPTBASE.dll
0x00007ffb9b6a0000 - 0x00007ffb9b6d3000 	C:\WINDOWS\SYSTEM32\IPHLPAPI.DLL
0x00007ffb9fa90000 - 0x00007ffb9fa9a000 	C:\WINDOWS\System32\NSI.dll
0x00007ffb82c90000 - 0x00007ffb82cd9000 	C:\Users\domin\AppData\Local\Temp\jna-95767015\jna12884129239039726990.dll
0x00007ffb9e180000 - 0x00007ffb9e188000 	C:\WINDOWS\System32\PSAPI.DLL
0x00007ffb95e70000 - 0x00007ffb95e8f000 	C:\WINDOWS\SYSTEM32\dhcpcsvc6.DLL
0x00007ffb95e40000 - 0x00007ffb95e65000 	C:\WINDOWS\SYSTEM32\dhcpcsvc.DLL
0x00007ffb93e10000 - 0x00007ffb93e37000 	C:\Users\domin\.gradle\native\c067742578af261105cb4f569cf0c3c89f3d7b1fecec35dd04571415982c5e48\windows-amd64\native-platform.dll
0x00007ffb975f0000 - 0x00007ffb975fa000 	C:\Users\domin\.vscode\extensions\redhat.java-1.41.1-win32-x64\jre\21.0.6-win32-x86_64\bin\management.dll
0x00007ffb975e0000 - 0x00007ffb975eb000 	C:\Users\domin\.vscode\extensions\redhat.java-1.41.1-win32-x64\jre\21.0.6-win32-x86_64\bin\management_ext.dll

dbghelp: loaded successfully - version: 4.0.5 - missing functions: none
symbol engine: initialized successfully - sym options: 0x614 - pdb path: .;c:\Users\domin\.vscode\extensions\redhat.java-1.41.1-win32-x64\jre\21.0.6-win32-x86_64\bin;C:\WINDOWS\SYSTEM32;C:\WINDOWS\WinSxS\amd64_microsoft.windows.common-controls_6595b64144ccf1df_6.0.26100.3624_none_3e086962e3345f24;c:\Users\domin\.vscode\extensions\redhat.java-1.41.1-win32-x64\jre\21.0.6-win32-x86_64\bin\server;C:\Users\domin\AppData\Roaming\Code\User\globalStorage\redhat.java\1.41.1\config_win\org.eclipse.equinox.launcher\org.eclipse.equinox.launcher.win32.win32.x86_64_1.2.1300.v20250331-1702;C:\Users\domin\AppData\Local\Temp\jna-95767015;C:\Users\domin\.gradle\native\c067742578af261105cb4f569cf0c3c89f3d7b1fecec35dd04571415982c5e48\windows-amd64

VM Arguments:
jvm_args: --add-modules=ALL-SYSTEM --add-opens=java.base/java.util=ALL-UNNAMED --add-opens=java.base/java.lang=ALL-UNNAMED --add-opens=java.base/sun.nio.fs=ALL-UNNAMED -Declipse.application=org.eclipse.jdt.ls.core.id1 -Dosgi.bundles.defaultStartLevel=4 -Declipse.product=org.eclipse.jdt.ls.core.product -Djava.import.generatesMetadataFilesAtProjectRoot=false -DDetectVMInstallationsJob.disabled=true -Dfile.encoding=utf8 -XX:+UseParallelGC -XX:GCTimeRatio=4 -XX:AdaptiveSizePolicyWeight=90 -Dsun.zip.disableMemoryMapping=true -Xmx1G -Xms100m -Xlog:disable -javaagent:c:\Users\domin\.vscode\extensions\redhat.java-1.41.1-win32-x64\lombok\lombok-1.18.36.jar -XX:+HeapDumpOnOutOfMemoryError -XX:HeapDumpPath=c:\Users\domin\AppData\Roaming\Code\User\workspaceStorage\94df95c6eb31e64074b59e1dec81b1ed\redhat.java -Daether.dependencyCollector.impl=bf 
java_command: c:\Users\domin\.vscode\extensions\redhat.java-1.41.1-win32-x64\server\plugins\org.eclipse.equinox.launcher_1.7.0.v20250331-1702.jar -configuration c:\Users\domin\AppData\Roaming\Code\User\globalStorage\redhat.java\1.41.1\config_win -data c:\Users\domin\AppData\Roaming\Code\User\workspaceStorage\94df95c6eb31e64074b59e1dec81b1ed\redhat.java\jdt_ws --pipe=\\.\pipe\lsp-03404679be290e7bb90e62e1f7f686fc-sock
java_class_path (initial): c:\Users\domin\.vscode\extensions\redhat.java-1.41.1-win32-x64\server\plugins\org.eclipse.equinox.launcher_1.7.0.v20250331-1702.jar
Launcher Type: SUN_STANDARD

[Global flags]
    uintx AdaptiveSizePolicyWeight                 = 90                                        {product} {command line}
     intx CICompilerCount                          = 12                                        {product} {ergonomic}
    uintx GCTimeRatio                              = 4                                         {product} {command line}
     bool HeapDumpOnOutOfMemoryError               = true                                   {manageable} {command line}
    ccstr HeapDumpPath                             = c:\Users\domin\AppData\Roaming\Code\User\workspaceStorage\94df95c6eb31e64074b59e1dec81b1ed\redhat.java         {manageable} {command line}
   size_t InitialHeapSize                          = 104857600                                 {product} {command line}
   size_t MaxHeapSize                              = 1073741824                                {product} {command line}
   size_t MaxNewSize                               = 357564416                                 {product} {ergonomic}
   size_t MinHeapDeltaBytes                        = 524288                                    {product} {ergonomic}
   size_t MinHeapSize                              = 104857600                                 {product} {command line}
   size_t NewSize                                  = 34603008                                  {product} {ergonomic}
    uintx NonNMethodCodeHeapSize                   = 7602480                                {pd product} {ergonomic}
    uintx NonProfiledCodeHeapSize                  = 122027880                              {pd product} {ergonomic}
   size_t OldSize                                  = 70254592                                  {product} {ergonomic}
    uintx ProfiledCodeHeapSize                     = 122027880                              {pd product} {ergonomic}
    uintx ReservedCodeCacheSize                    = 251658240                              {pd product} {ergonomic}
     bool SegmentedCodeCache                       = true                                      {product} {ergonomic}
   size_t SoftMaxHeapSize                          = 1073741824                             {manageable} {ergonomic}
     bool UseCompressedOops                        = true                           {product lp64_product} {ergonomic}
     bool UseLargePagesIndividualAllocation        = false                                  {pd product} {ergonomic}
     bool UseParallelGC                            = true                                      {product} {command line}

Logging:
Log output configuration:
 #0: stdout all=off uptime,level,tags foldmultilines=false
 #1: stderr all=off uptime,level,tags foldmultilines=false

Environment Variables:
PATH=C:\ots\VulkanSDK\1.3.296.0\Bin;C:\Python312\Scripts\;C:\Python312\;C:\Program Files\Common Files\Oracle\Java\javapath;C:\Windows\system32;C:\Windows;C:\Windows\System32\Wbem;C:\Windows\System32\WindowsPowerShell\v1.0\;C:\Windows\System32\OpenSSH\;C:\Program Files\dotnet\;C:\Program Files (x86)\NVIDIA Corporation\PhysX\Common;C:\Program Files\NVIDIA Corporation\NVIDIA NvDLISR;C:\Program Files (x86)\Windows Kits\10\Windows Performance Toolkit\;C:\Program Files\Git\cmd;C:\Program Files\CMake\bin;C:\Program Files\PuTTY\;C:\Program Files\Vagrant\bin;C:\Program Files\nodejs\;C:\ProgramData\chocolatey\bin;C:\Users\domin\AppData\Roaming\Python\Python312\Scripts;C:\Program Files\MongoDB\Server\7.0\bin;C:\WINDOWS\system32;C:\WINDOWS;C:\WINDOWS\System32\Wbem;C:\WINDOWS\System32\WindowsPowerShell\v1.0\;C:\WINDOWS\System32\OpenSSH\;C:\Program Files\doxygen\bin;C:\Program Files\RedHat\Podman\;C:\Program Files\Go\bin;C:\Program Files (x86)\Bloaty\bin;C:\Program Files\PostgreSQL\17\bin;C:\Program Files\Erlang OTP\bin;C:\Users\domin\AppData\Local\Android\Sdk\platform-tools;C:\Users\domin\.cargo\bin;C:\Ruby33-x64\bin;C:\Program Files\MySQL\MySQL Shell 8.0\bin\;C:\Users\domin\AppData\Local\Microsoft\WindowsApps;C:\Users\domin\AppData\Local\Programs\Microsoft VS Code\bin;C:\Program Files\JetBrains\PyCharm 2024.2\bin;C:\Program Files\JetBrains\PyCharm Community Edition 2024.2\bin;C:\Users\domin\AppData\Local\Android\Sdk\platform-tools;C:\Users\domin\AppData\Roaming\npm;C:\Users\domin\AppData\Local\Programs\MiKTeX\miktex\bin\x64\;C:\Users\domin\AppData\Local\Programs\mongosh\;C:\Users\domin\AppData\Local\atom\bin;C:\Users\domin\AppData\Local\Microsoft\WindowsApps;C:\global\Gradle\gradle-8.12.1\bin;C:\Users\domin\AppData\Local\GitHubDesktop\bin;C:\global\ninja\install\win32\bin\;C:\Users\domin\AppData\Local\Muse Hub\lib;C:\global\zig\0.15.0\x86_64;C:\Users\domin\go\bin
USERNAME=domin
OS=Windows_NT
PROCESSOR_IDENTIFIER=Intel64 Family 6 Model 183 Stepping 1, GenuineIntel
TMP=C:\Users\domin\AppData\Local\Temp
TEMP=C:\Users\domin\AppData\Local\Temp




Periodic native trim disabled

---------------  S Y S T E M  ---------------

OS:
 Windows 11 , 64 bit Build 26100 (10.0.26100.3775)
OS uptime: 0 days 1:11 hours
Hyper-V role detected

CPU: total 20 (initial active 20) (10 cores per cpu, 2 threads per core) family 6 model 183 stepping 1 microcode 0x12c, cx8, cmov, fxsr, ht, mmx, 3dnowpref, sse, sse2, sse3, ssse3, sse4.1, sse4.2, popcnt, lzcnt, tsc, tscinvbit, avx, avx2, aes, erms, clmul, bmi1, bmi2, adx, sha, fma, vzeroupper, clflush, clflushopt, clwb, hv, serialize, rdtscp, rdpid, fsrm, f16c, cet_ibt, cet_ss
Processor Information for processor 0
  Max Mhz: 2600, Current Mhz: 2600, Mhz Limit: 2600
Processor Information for processor 1
  Max Mhz: 2600, Current Mhz: 2600, Mhz Limit: 2600
Processor Information for processor 2
  Max Mhz: 2600, Current Mhz: 2600, Mhz Limit: 2600
Processor Information for processor 3
  Max Mhz: 2600, Current Mhz: 2600, Mhz Limit: 2600
Processor Information for processor 4
  Max Mhz: 2600, Current Mhz: 2600, Mhz Limit: 2600
Processor Information for processor 5
  Max Mhz: 2600, Current Mhz: 2600, Mhz Limit: 2600
Processor Information for processor 6
  Max Mhz: 2600, Current Mhz: 2600, Mhz Limit: 2600
Processor Information for processor 7
  Max Mhz: 2600, Current Mhz: 2600, Mhz Limit: 2600
Processor Information for processor 8
  Max Mhz: 2600, Current Mhz: 2600, Mhz Limit: 2600
Processor Information for processor 9
  Max Mhz: 2600, Current Mhz: 2600, Mhz Limit: 2600
Processor Information for processor 10
  Max Mhz: 2600, Current Mhz: 2600, Mhz Limit: 2600
Processor Information for processor 11
  Max Mhz: 2600, Current Mhz: 2600, Mhz Limit: 2600
Processor Information for processor 12
  Max Mhz: 2600, Current Mhz: 2600, Mhz Limit: 2600
Processor Information for processor 13
  Max Mhz: 2600, Current Mhz: 2600, Mhz Limit: 2600
Processor Information for processor 14
  Max Mhz: 2600, Current Mhz: 1505, Mhz Limit: 2600
Processor Information for processor 15
  Max Mhz: 2600, Current Mhz: 2600, Mhz Limit: 2600
Processor Information for processor 16
  Max Mhz: 2600, Current Mhz: 1505, Mhz Limit: 2600
Processor Information for processor 17
  Max Mhz: 2600, Current Mhz: 2600, Mhz Limit: 2600
Processor Information for processor 18
  Max Mhz: 2600, Current Mhz: 1505, Mhz Limit: 2600
Processor Information for processor 19
  Max Mhz: 2600, Current Mhz: 1505, Mhz Limit: 2600

Memory: 4k page, system-wide physical 16068M (2015M free)
TotalPageFile size 65220M (AvailPageFile size 6M)
current process WorkingSet (physical memory assigned to process): 341M, peak: 341M
current process commit charge ("private bytes"): 424M, peak: 424M

vm_info: OpenJDK 64-Bit Server VM (21.0.6+7-LTS) for windows-amd64 JRE (21.0.6+7-LTS), built on 2025-01-21T00:00:00Z by "admin" with MS VC++ 17.7 (VS2022)

END.
